#! /mingw64/bin/vvp
:ivl_version "12.0 (devel)" "(s20150603-1135-g6b127432)";
:ivl_delay_selection "TYPICAL";
:vpi_time_precision + 0;
:vpi_module "C:\msys64\mingw64\lib\ivl\system.vpi";
:vpi_module "C:\msys64\mingw64\lib\ivl\vhdl_sys.vpi";
:vpi_module "C:\msys64\mingw64\lib\ivl\vhdl_textio.vpi";
:vpi_module "C:\msys64\mingw64\lib\ivl\v2005_math.vpi";
:vpi_module "C:\msys64\mingw64\lib\ivl\va_math.vpi";
S_00000192718664a0 .scope module, "NOR_GATE" "NOR_GATE" 2 1;
 .timescale 0 0;
    .port_info 0 /OUTPUT 1 "Y";
    .port_info 1 /INPUT 1 "A";
    .port_info 2 /INPUT 1 "B";
o00000192718b6fa8 .functor BUFZ 1, C4<z>; HiZ drive
v0000019271866cf0_0 .net "A", 0 0, o00000192718b6fa8;  0 drivers
o00000192718b6fd8 .functor BUFZ 1, C4<z>; HiZ drive
v0000019271866630_0 .net "B", 0 0, o00000192718b6fd8;  0 drivers
v00000192718666d0_0 .var "Y", 0 0;
E_00000192718b4cd0 .event anyedge, v0000019271866630_0, v0000019271866cf0_0;
    .scope S_00000192718664a0;
T_0 ;
    %wait E_00000192718b4cd0;
    %load/vec4 v0000019271866cf0_0;
    %pushi/vec4 0, 0, 1;
    %cmp/e;
    %flag_get/vec4 4;
    %load/vec4 v0000019271866630_0;
    %pushi/vec4 0, 0, 1;
    %cmp/e;
    %flag_get/vec4 4;
    %and;
    %flag_set/vec4 8;
    %jmp/0xz  T_0.0, 8;
    %pushi/vec4 1, 0, 1;
    %store/vec4 v00000192718666d0_0, 0, 1;
    %jmp T_0.1;
T_0.0 ;
    %pushi/vec4 0, 0, 1;
    %store/vec4 v00000192718666d0_0, 0, 1;
T_0.1 ;
    %jmp T_0;
    .thread T_0, $push;
# The file index is used to find the file name in the following table.
:file_names 3;
    "N/A";
    "<interactive>";
    "NOR_GATE.v";
